{
  "0 debug pnpm:scope": {
    "selected": 1
  },
  "1 error pnpm": {
    "code": "ELIFECYCLE",
    "errno": "ENOENT",
    "syscall": "spawn",
    "file": "sh",
    "pkgid": "svelte-app@1.0.0",
    "stage": "dev:livereload",
    "script": "rollup -c -w --environment LIVERELOAD",
    "pkgname": "svelte-app",
    "err": {
      "name": "pnpm",
      "message": "svelte-app@1.0.0 dev:livereload: `rollup -c -w --environment LIVERELOAD`\nspawn ENOENT",
      "code": "ELIFECYCLE",
      "stack": "pnpm: svelte-app@1.0.0 dev:livereload: `rollup -c -w --environment LIVERELOAD`\nspawn ENOENT\n    at ChildProcess.<anonymous> (/usr/local/Cellar/pnpm/7.2.1/libexec/lib/node_modules/pnpm/dist/pnpm.cjs:93917:22)\n    at ChildProcess.emit (node:events:527:28)\n    at maybeClose (node:internal/child_process:1090:16)\n    at ChildProcess._handle.onexit (node:internal/child_process:302:5)"
    }
  },
  "2 warn pnpm:global": " Local package.json exists, but node_modules missing, did you mean to install?"
}